[32minfo[39m Ethereum (chainId=4): 	Connecting to http://localhost:10001
[32minfo[39m Ethereum (chainId=4): 	Using account 0xa7b224751e9f023b9315726c99ca4ac4fb174dae (18.446744073709551615 ETH)
[32minfo[39m Ethereum (chainId=4): 	pastEvents=7 pastStateUpdates=5
[32minfo[39m Ethereum (chainId=4): 	Sync'd to block #39, 0 events
[32minfo[39m Ethereum (chainId=4): 	
[32minfo[39m Ethereum (chainId=4): 	stateRoot = 0x00faeb5ce13fd7edbb037358b4c58812867992585f777716d3aafecc9eaa1770
[32minfo[39m Ethereum (chainId=4): 	eventsRoot = 0x0f1d43cbed2eaa943cca49addedb88ab16cd8ad96b230141d1ebb7f44a712261
[32minfo[39m Ethereum (chainId=4): 	Bridges:
[32minfo[39m Ethereum (chainId=4): 		0x82ac0ab2db794ae1376ac18318ae3560f8dc40b6
[32minfo[39m Ethereum (chainId=4): 	listening to events on 0xa1df06b078d4eca5d00a4ff0d753aeb690cfda37
[32minfo[39m Ethereum (chainId=4): 	receiveCrosschainMessage fromChain=42 eventHash=0x7a220a7bf547d3813c7833be391de75e0baa6203f31813a5d38bb87e4ac3dad1
[32minfo[39m Ethereum (chainId=4): 	computeUpdatedStateRoot: 0xeae3391f8b234c51625fa3288e941d328ef39226709f2a0b08627ad159ea8a77
[31merror[39m Ethereum (chainId=4): 	VM Exception while processing transaction: revert EVENT_ROOT_MISMATCH
[32minfo[39m Ethereum (chainId=4): 	Connecting to http://localhost:10001
[32minfo[39m Ethereum (chainId=4): 	Using account 0xa7b224751e9f023b9315726c99ca4ac4fb174dae (18.446744073709551615 ETH)
[32minfo[39m Ethereum (chainId=4): 	pastEvents=8 pastStateUpdates=5
[32minfo[39m Ethereum (chainId=4): 	Sync'd to block #43, 0 events
[32minfo[39m Ethereum (chainId=4): 	
[32minfo[39m Ethereum (chainId=4): 	stateRoot = 0x00faeb5ce13fd7edbb037358b4c58812867992585f777716d3aafecc9eaa1770
[32minfo[39m Ethereum (chainId=4): 	eventsRoot = 0x0f1d43cbed2eaa943cca49addedb88ab16cd8ad96b230141d1ebb7f44a712261
[32minfo[39m Ethereum (chainId=4): 	Bridges:
[32minfo[39m Ethereum (chainId=4): 		0x82ac0ab2db794ae1376ac18318ae3560f8dc40b6
[32minfo[39m Ethereum (chainId=4): 	listening to events on 0xa1df06b078d4eca5d00a4ff0d753aeb690cfda37
[32minfo[39m Ethereum (chainId=4): 	EventEmitted, block=#47 eventHash=0xc4e2ef34af418f95c21b2c87f4b6e22c671e5a93a08aaa3db572fe57ee733623
[33mwarn[39m Ethereum (chainId=4): 	receiveCrosschainMessage: ignoring event from own chain
[31merror[39m Ethereum (chainId=4): 	this.logger.debug is not a function
[32minfo[39m Ethereum (chainId=4): 	Connecting to http://localhost:10001
[32minfo[39m Ethereum (chainId=4): 	Using account 0xa7b224751e9f023b9315726c99ca4ac4fb174dae (18.446744073709551615 ETH)
[32minfo[39m Ethereum (chainId=4): 	pastEvents=9 pastStateUpdates=5
[32minfo[39m Ethereum (chainId=4): 	Sync'd to block #47, 0 events
[32minfo[39m Ethereum (chainId=4): 	
[32minfo[39m Ethereum (chainId=4): 	stateRoot = 0x00faeb5ce13fd7edbb037358b4c58812867992585f777716d3aafecc9eaa1770
[32minfo[39m Ethereum (chainId=4): 	eventsRoot = 0x0f1d43cbed2eaa943cca49addedb88ab16cd8ad96b230141d1ebb7f44a712261
[32minfo[39m Ethereum (chainId=4): 	Bridges:
[32minfo[39m Ethereum (chainId=4): 		0x82ac0ab2db794ae1376ac18318ae3560f8dc40b6
[32minfo[39m Ethereum (chainId=4): 	listening to events on 0xa1df06b078d4eca5d00a4ff0d753aeb690cfda37
[32minfo[39m Ethereum (chainId=4): 	receiveCrosschainMessage fromChain=42 eventHash=0x90ee823efa5698ab1bcf8efbd6d5f2f388da7241e617edcb5e254cfacdd32c00
[31merror[39m Ethereum (chainId=4): 	this.logger.log is not a function
[32minfo[39m Ethereum (chainId=4): 	Connecting to http://localhost:10001
[32minfo[39m Ethereum (chainId=4): 	Using account 0xa7b224751e9f023b9315726c99ca4ac4fb174dae (18.446744073709551615 ETH)
[32minfo[39m Ethereum (chainId=4): 	pastEvents=10 pastStateUpdates=5
[32minfo[39m Ethereum (chainId=4): 	Sync'd to block #51, 0 events
[32minfo[39m Ethereum (chainId=4): 	
[32minfo[39m Ethereum (chainId=4): 	stateRoot = 0x00faeb5ce13fd7edbb037358b4c58812867992585f777716d3aafecc9eaa1770
[32minfo[39m Ethereum (chainId=4): 	eventsRoot = 0x0f1d43cbed2eaa943cca49addedb88ab16cd8ad96b230141d1ebb7f44a712261
[32minfo[39m Ethereum (chainId=4): 	Bridges:
[32minfo[39m Ethereum (chainId=4): 		0x82ac0ab2db794ae1376ac18318ae3560f8dc40b6
[32minfo[39m Ethereum (chainId=4): 	listening to events on 0xa1df06b078d4eca5d00a4ff0d753aeb690cfda37
[32minfo[39m Ethereum (chainId=4): 	receiveCrosschainMessage fromChain=42 eventHash=0x4ca7916d7e2d06686c4419dcf238a78baa3b930963a3d500525caa12a1ec47fd
[32minfo[39m Ethereum (chainId=4): 	computeUpdatedStateRoot: 0x60c103170cf80c93ec95cd3196acfaf54564681e74b086e5e6682050bdfead11
[32minfo[39m Ethereum (chainId=4): 	EventEmitted, block=#55 eventHash=0x1d1fb0b93abe359dd63dfa620b2fc7a920df51e7d7c4ac6dee2efec871ae1e20
[33mwarn[39m Ethereum (chainId=4): 	receiveCrosschainMessage: ignoring event from own chain
[32minfo[39m Ethereum (chainId=4): 	computeUpdatedStateRoot: 0xfa2c903bd160c2e7147e74d76febc603d6b9b0e6e6f981b47be9ec7518893fce
[31merror[39m Ethereum (chainId=4): 	VM Exception while processing transaction: revert EVENT_ROOT_MISMATCH
[32minfo[39m Ethereum (chainId=4): 	Connecting to http://localhost:10001
[32minfo[39m Ethereum (chainId=4): 	Using account 0xa7b224751e9f023b9315726c99ca4ac4fb174dae (18.446744073709551615 ETH)
[32minfo[39m Ethereum (chainId=4): 	pastEvents=11 pastStateUpdates=5
[32minfo[39m Ethereum (chainId=4): 	Sync'd to block #56, 0 events
[32minfo[39m Ethereum (chainId=4): 	
[32minfo[39m Ethereum (chainId=4): 	stateRoot = 0x00faeb5ce13fd7edbb037358b4c58812867992585f777716d3aafecc9eaa1770
[32minfo[39m Ethereum (chainId=4): 	eventsRoot = 0x0f1d43cbed2eaa943cca49addedb88ab16cd8ad96b230141d1ebb7f44a712261
[32minfo[39m Ethereum (chainId=4): 	Bridges:
[32minfo[39m Ethereum (chainId=4): 		0x82ac0ab2db794ae1376ac18318ae3560f8dc40b6
[32minfo[39m Ethereum (chainId=4): 	listening to events on 0xa1df06b078d4eca5d00a4ff0d753aeb690cfda37
[32minfo[39m Ethereum (chainId=4): 	EventEmitted, block=#60 eventHash=0x263163f581ca955a089371497dd00c6ab18dd811721ce4c1f0ed8424f7b09c51
[32minfo[39m Ethereum (chainId=4): 	receiveCrosschainMessage fromChain=42 eventHash=0x1255ba5edf762ce6ec9f4b178f613ef802aabd87d3736fc68e76a3e74d1554c9
[33mwarn[39m Ethereum (chainId=4): 	receiveCrosschainMessage: ignoring event from own chain
[32minfo[39m Ethereum (chainId=4): 	computeUpdatedStateRoot: 0xbdb8b7401433314b8d5bc0edf132ac17e19d61cee4186ca3b7eae0868f125265
[32minfo[39m Ethereum (chainId=4): 	computeUpdatedStateRoot: 0xbdb8b7401433314b8d5bc0edf132ac17e19d61cee4186ca3b7eae0868f125265
[32minfo[39m Ethereum (chainId=4): 	StateRootUpdated root=0xbdb8b7401433314b8d5bc0edf132ac17e19d61cee4186ca3b7eae0868f125265
[32minfo[39m Ethereum (chainId=4): 	Proving event 0x1255ba5edf762ce6ec9f4b178f613ef802aabd87d3736fc68e76a3e74d1554c9 for bridging
[31merror[39m Ethereum (chainId=4): 	new BigNumber() not a number: undefined
[32minfo[39m Ethereum (chainId=4): 	Connecting to http://localhost:10001
[32minfo[39m Ethereum (chainId=4): 	Using account 0xa7b224751e9f023b9315726c99ca4ac4fb174dae (18.446744073709551615 ETH)
[32minfo[39m Ethereum (chainId=4): 	pastEvents=12 pastStateUpdates=7
[32minfo[39m Ethereum (chainId=4): 	Sync'd to block #62, 0 events
[32minfo[39m Ethereum (chainId=4): 	
[32minfo[39m Ethereum (chainId=4): 	stateRoot = 0xbdb8b7401433314b8d5bc0edf132ac17e19d61cee4186ca3b7eae0868f125265
[32minfo[39m Ethereum (chainId=4): 	eventsRoot = 0x48fb3f4a2cc2b76796dc4b4f808bcba083585639bab8382716b3f60f3bd10e29
[32minfo[39m Ethereum (chainId=4): 	Bridges:
[32minfo[39m Ethereum (chainId=4): 		0x82ac0ab2db794ae1376ac18318ae3560f8dc40b6
[32minfo[39m Ethereum (chainId=4): 	listening to events on 0xa1df06b078d4eca5d00a4ff0d753aeb690cfda37
[32minfo[39m Ethereum (chainId=4): 	receiveCrosschainMessage fromChain=42 eventHash=0x4e815888e134fd212ac5fcee121621698721a080cfb553f6b1e4de9c17f6f4e4
[32minfo[39m Ethereum (chainId=4): 	computeUpdatedStateRoot: 0x132f22a52135f7bf891c6a26ac7cccecf636ad4318dad71beb68bd9ce70c0546
[31merror[39m Ethereum (chainId=4): 	VM Exception while processing transaction: revert EVENT_ROOT_MISMATCH
[32minfo[39m Ethereum (chainId=4): 	Connecting to http://localhost:10001
[32minfo[39m Ethereum (chainId=4): 	Using account 0xa7b224751e9f023b9315726c99ca4ac4fb174dae (18.446744073709551615 ETH)
[32minfo[39m Ethereum (chainId=4): 	pastEvents=13 pastStateUpdates=7
[32minfo[39m Ethereum (chainId=4): 	Sync'd to block #66, 0 events
[32minfo[39m Ethereum (chainId=4): 	
[32minfo[39m Ethereum (chainId=4): 	stateRoot = 0xbdb8b7401433314b8d5bc0edf132ac17e19d61cee4186ca3b7eae0868f125265
[32minfo[39m Ethereum (chainId=4): 	eventsRoot = 0x48fb3f4a2cc2b76796dc4b4f808bcba083585639bab8382716b3f60f3bd10e29
[32minfo[39m Ethereum (chainId=4): 	Bridges:
[32minfo[39m Ethereum (chainId=4): 		0x82ac0ab2db794ae1376ac18318ae3560f8dc40b6
[32minfo[39m Ethereum (chainId=4): 	listening to events on 0xa1df06b078d4eca5d00a4ff0d753aeb690cfda37
[32minfo[39m Ethereum (chainId=4): 	receiveCrosschainMessage fromChain=42 eventHash=0x054bad8cd6c60f4962b3493ef1a8a55cb4095eda9604a45954b6c14521abc7d2
[33mwarn[39m Ethereum (chainId=4): 	receiveCrosschainMessage: ignoring event from own chain
[32minfo[39m Ethereum (chainId=4): 	computeUpdatedStateRoot: 0xf4018e1b2a9e8f8279242c02210b3f6af7f97b44223cef9692858022e9afc836
[32minfo[39m Ethereum (chainId=4): 	EventEmitted, block=#70 eventHash=0xf50109bac0a12cbfecc07dcde10a615bd432f69d90e04c1b15e3d663c8a3217f
[31merror[39m Ethereum (chainId=4): 	VM Exception while processing transaction: revert EVENT_ROOT_MISMATCH
[32minfo[39m Ethereum (chainId=4): 	Connecting to http://localhost:10001
[32minfo[39m Ethereum (chainId=4): 	Using account 0xa7b224751e9f023b9315726c99ca4ac4fb174dae (18.446744073709551615 ETH)
[32minfo[39m Ethereum (chainId=4): 	pastEvents=14 pastStateUpdates=7
[32minfo[39m Ethereum (chainId=4): 	Sync'd to block #70, 0 events
[32minfo[39m Ethereum (chainId=4): 	
[32minfo[39m Ethereum (chainId=4): 	stateRoot = 0xbdb8b7401433314b8d5bc0edf132ac17e19d61cee4186ca3b7eae0868f125265
[32minfo[39m Ethereum (chainId=4): 	eventsRoot = 0x48fb3f4a2cc2b76796dc4b4f808bcba083585639bab8382716b3f60f3bd10e29
[32minfo[39m Ethereum (chainId=4): 	Bridges:
[32minfo[39m Ethereum (chainId=4): 		0x82ac0ab2db794ae1376ac18318ae3560f8dc40b6
[32minfo[39m Ethereum (chainId=4): 	listening to events on 0xa1df06b078d4eca5d00a4ff0d753aeb690cfda37
[33mwarn[39m Ethereum (chainId=4): 	receiveCrosschainMessage: ignoring event from own chain
[32minfo[39m Ethereum (chainId=4): 	EventEmitted, block=#74 eventHash=0xfff62bb01c72a4a92de57935081c0501904fd9cf79a7b3ce33e5a0cd66d92134
[32minfo[39m Ethereum (chainId=4): 	receiveCrosschainMessage fromChain=42 eventHash=0xfba42f00b3045595426a9a18c240d50fd303b0233448e0489a145a7f8ba03660
[32minfo[39m Ethereum (chainId=4): 	computeUpdatedStateRoot: 0xc37fc108cbffc1969ed8840195431a0409c0ac9262802de4195976f9ed24e7c6
[32minfo[39m Ethereum (chainId=4): 	computeUpdatedStateRoot: 0x94a55389234470195f404738beebc824c5b523e18100c3d86d13a7cac1914785
[32minfo[39m Ethereum (chainId=4): 	Connecting to http://localhost:10001
[32minfo[39m Ethereum (chainId=4): 	Using account 0xa7b224751e9f023b9315726c99ca4ac4fb174dae (18.446744073709551615 ETH)
[32minfo[39m Ethereum (chainId=4): 	pastEvents=15 pastStateUpdates=7
[32minfo[39m Ethereum (chainId=4): 	Sync'd to block #74, 0 events
[32minfo[39m Ethereum (chainId=4): 	
[32minfo[39m Ethereum (chainId=4): 	stateRoot = 0xbdb8b7401433314b8d5bc0edf132ac17e19d61cee4186ca3b7eae0868f125265
[32minfo[39m Ethereum (chainId=4): 	eventsRoot = 0x48fb3f4a2cc2b76796dc4b4f808bcba083585639bab8382716b3f60f3bd10e29
[32minfo[39m Ethereum (chainId=4): 	Bridges:
[32minfo[39m Ethereum (chainId=4): 		0x82ac0ab2db794ae1376ac18318ae3560f8dc40b6
[32minfo[39m Ethereum (chainId=4): 	listening to events on 0xa1df06b078d4eca5d00a4ff0d753aeb690cfda37
[32minfo[39m Ethereum (chainId=4): 	EventEmitted, block=#78 eventHash=0xf1b2c2d3c672472710a86cd63847acbfb0a746c48ebde3cdddd2483932099ee0
[33mwarn[39m Ethereum (chainId=4): 	receiveCrosschainMessage: ignoring event from own chain
[32minfo[39m Ethereum (chainId=4): 	computeUpdatedStateRoot: 0xc87cc4e1ae0a8f1a0514fdb128bb897e183ae4855efd3dbe3ae28fb330c1492c
[32minfo[39m Ethereum (chainId=4): 	receiveCrosschainMessage fromChain=42 eventHash=0x08b50aeace50111ce40ae10635f651d8eb8d6a20a498ad589ab869bf6695ad4a
[32minfo[39m Ethereum (chainId=4): 	Connecting to http://localhost:10001
[32minfo[39m Ethereum (chainId=4): 	Using account 0xa7b224751e9f023b9315726c99ca4ac4fb174dae (18.446744073709551615 ETH)
[32minfo[39m Ethereum (chainId=4): 	pastEvents=16 pastStateUpdates=7
[32minfo[39m Ethereum (chainId=4): 	Sync'd to block #78, 0 events
[32minfo[39m Ethereum (chainId=4): 	
[32minfo[39m Ethereum (chainId=4): 	stateRoot = 0xbdb8b7401433314b8d5bc0edf132ac17e19d61cee4186ca3b7eae0868f125265
[32minfo[39m Ethereum (chainId=4): 	eventsRoot = 0x48fb3f4a2cc2b76796dc4b4f808bcba083585639bab8382716b3f60f3bd10e29
[32minfo[39m Ethereum (chainId=4): 	Bridges:
[32minfo[39m Ethereum (chainId=4): 		0x82ac0ab2db794ae1376ac18318ae3560f8dc40b6
[32minfo[39m Ethereum (chainId=4): 	listening to events on 0xa1df06b078d4eca5d00a4ff0d753aeb690cfda37
[33mwarn[39m Ethereum (chainId=4): 	receiveCrosschainMessage: ignoring event from own chain
[32minfo[39m Ethereum (chainId=4): 	receiveCrosschainMessage fromChain=42 eventHash=0x754901130ab5791e24cba38ae621cf74ae05bb9888706173695d2cecd4a3efbd
[32minfo[39m Ethereum (chainId=4): 	EventEmitted, block=#82 eventHash=0x13f7994859a9cef1ef63a88c169feeab62a9cc6849ca77a3ab36740f90b36b2a
[32minfo[39m Ethereum (chainId=4): 	computeUpdatedStateRoot: 0xd8ffe2a8fa96b24bccc01257274df6a2d7ae7771a2581ba2fa0b069aa4d1f069
[32minfo[39m Ethereum (chainId=4): 	computeUpdatedStateRoot: 0x564a1a5187a2a4e57efec60d7155a56f5ddce901da38fcce0400545ebfbc1fc0
[31merror[39m Ethereum (chainId=4): 	VM Exception while processing transaction: revert EVENT_ROOT_MISMATCH
[32minfo[39m Ethereum (chainId=4): 	Connecting to http://localhost:10001
[32minfo[39m Ethereum (chainId=4): 	Using account 0xa7b224751e9f023b9315726c99ca4ac4fb174dae (18.446744073709551615 ETH)
[32minfo[39m Ethereum (chainId=4): 	pastEvents=17 pastStateUpdates=7
[32minfo[39m Ethereum (chainId=4): 	Sync'd to block #82, 0 events
[32minfo[39m Ethereum (chainId=4): 	
[32minfo[39m Ethereum (chainId=4): 	stateRoot = 0xbdb8b7401433314b8d5bc0edf132ac17e19d61cee4186ca3b7eae0868f125265
[32minfo[39m Ethereum (chainId=4): 	eventsRoot = 0x48fb3f4a2cc2b76796dc4b4f808bcba083585639bab8382716b3f60f3bd10e29
[32minfo[39m Ethereum (chainId=4): 	Bridges:
[32minfo[39m Ethereum (chainId=4): 		0x82ac0ab2db794ae1376ac18318ae3560f8dc40b6
[32minfo[39m Ethereum (chainId=4): 	listening to events on 0xa1df06b078d4eca5d00a4ff0d753aeb690cfda37
[32minfo[39m Ethereum (chainId=4): 	receiveCrosschainMessage fromChain=42 eventHash=0x788f31551ceec18479603ff441656ee669b45079bf9782f85855dcf47d542211
[33mwarn[39m Ethereum (chainId=4): 	receiveCrosschainMessage: ignoring event from own chain
[32minfo[39m Ethereum (chainId=4): 	computeUpdatedStateRoot: 0xb9f407b360af4c693110dd831f5e32aca243e0b5da1e7ad8c474ab4b2c5dd1f4
[32minfo[39m Ethereum (chainId=4): 	EventEmitted, block=#86 eventHash=0xd5c43c55c0bb92af9493e0497e2b1de632aee2ea48e3368b7e7d1beeb435782c
[32minfo[39m Ethereum (chainId=4): 	computeUpdatedStateRoot: 0x2d90dc27bcbca532d3ad1c25ceb784414ac5332d18bdc4b551f643f2080bbc9a
[31merror[39m Ethereum (chainId=4): 	VM Exception while processing transaction: revert EVENT_ROOT_MISMATCH
[32minfo[39m Ethereum (chainId=4): 	Connecting to http://localhost:10001
[32minfo[39m Ethereum (chainId=4): 	Using account 0xa7b224751e9f023b9315726c99ca4ac4fb174dae (18.446744073709551615 ETH)
[32minfo[39m Ethereum (chainId=4): 	pastEvents=18 pastStateUpdates=7
[32minfo[39m Ethereum (chainId=4): 	Sync'd to block #86, 0 events
[32minfo[39m Ethereum (chainId=4): 	
[32minfo[39m Ethereum (chainId=4): 	stateRoot = 0xbdb8b7401433314b8d5bc0edf132ac17e19d61cee4186ca3b7eae0868f125265
[32minfo[39m Ethereum (chainId=4): 	eventsRoot = 0x48fb3f4a2cc2b76796dc4b4f808bcba083585639bab8382716b3f60f3bd10e29
[32minfo[39m Ethereum (chainId=4): 	Bridges:
[32minfo[39m Ethereum (chainId=4): 		0x82ac0ab2db794ae1376ac18318ae3560f8dc40b6
[32minfo[39m Ethereum (chainId=4): 	listening to events on 0xa1df06b078d4eca5d00a4ff0d753aeb690cfda37
[32minfo[39m Ethereum (chainId=4): 	receiveCrosschainMessage fromChain=42 eventHash=0xc07e40c54ef3d3a87fd284ed90ab1f424d7b18f5344c829ad1c4e5dcfe48c439
[32minfo[39m Ethereum (chainId=4): 	computeUpdatedStateRoot: 0x01b3307bd787d33aa67572b311ec09ea2513556ca7c8288ae9370f9f11a07844
[31merror[39m Ethereum (chainId=4): 	VM Exception while processing transaction: revert EVENT_ROOT_MISMATCH
[32minfo[39m Ethereum (chainId=4): 	Connecting to http://localhost:10001
[32minfo[39m Ethereum (chainId=4): 	Using account 0xa7b224751e9f023b9315726c99ca4ac4fb174dae (18.446744073709551615 ETH)
[32minfo[39m Ethereum (chainId=4): 	pastEvents=19 pastStateUpdates=7
[32minfo[39m Ethereum (chainId=4): 	Sync'd to block #90, 0 events
[32minfo[39m Ethereum (chainId=4): 	
[32minfo[39m Ethereum (chainId=4): 	stateRoot = 0xbdb8b7401433314b8d5bc0edf132ac17e19d61cee4186ca3b7eae0868f125265
[32minfo[39m Ethereum (chainId=4): 	eventsRoot = 0x48fb3f4a2cc2b76796dc4b4f808bcba083585639bab8382716b3f60f3bd10e29
[32minfo[39m Ethereum (chainId=4): 	Bridges:
[32minfo[39m Ethereum (chainId=4): 		0x82ac0ab2db794ae1376ac18318ae3560f8dc40b6
[32minfo[39m Ethereum (chainId=4): 	listening to events on 0xa1df06b078d4eca5d00a4ff0d753aeb690cfda37
[33mwarn[39m Ethereum (chainId=4): 	receiveCrosschainMessage: ignoring event from own chain
[32minfo[39m Ethereum (chainId=4): 	EventEmitted, block=#94 eventHash=0x8e802b14159536a193b7a87f2d415873fa971f106cf88965eef63989bedefbb1
[32minfo[39m Ethereum (chainId=4): 	computeUpdatedStateRoot: 0x4999f6b3cbe7daea0d7595f34b42290522fc60af48a6ced8cf9b6a5408c44204
[32minfo[39m Ethereum (chainId=4): 	receiveCrosschainMessage fromChain=42 eventHash=0xbe800829f9fd2bf5ef495bfb90c6304871672733f8e48e1a730a18a70e3a7776
[32minfo[39m Ethereum (chainId=4): 	Connecting to http://localhost:10001
[32minfo[39m Ethereum (chainId=4): 	Using account 0xa7b224751e9f023b9315726c99ca4ac4fb174dae (18.446744073709551615 ETH)
[32minfo[39m Ethereum (chainId=4): 	pastEvents=20 pastStateUpdates=7
[32minfo[39m Ethereum (chainId=4): 	Sync'd to block #94, 0 events
[32minfo[39m Ethereum (chainId=4): 	
[32minfo[39m Ethereum (chainId=4): 	stateRoot = 0xbdb8b7401433314b8d5bc0edf132ac17e19d61cee4186ca3b7eae0868f125265
[32minfo[39m Ethereum (chainId=4): 	eventsRoot = 0x48fb3f4a2cc2b76796dc4b4f808bcba083585639bab8382716b3f60f3bd10e29
[32minfo[39m Ethereum (chainId=4): 	Bridges:
[32minfo[39m Ethereum (chainId=4): 		0x82ac0ab2db794ae1376ac18318ae3560f8dc40b6
[32minfo[39m Ethereum (chainId=4): 	listening to events on 0xa1df06b078d4eca5d00a4ff0d753aeb690cfda37
[32minfo[39m Ethereum (chainId=4): 	receiveCrosschainMessage fromChain=42 eventHash=0x475c90a20ed4747abb428ba22ee3bff31efa2ab4ee4e73dd716cee371a2a7cdf
[32minfo[39m Ethereum (chainId=4): 	computeUpdatedStateRoot: 0xe534aa64279f6c32619b2c874539158c653ee7e111e284e85293a96f2adfa0ab
[32minfo[39m Ethereum (chainId=4): 	20
[32minfo[39m Ethereum (chainId=4): 	Connecting to http://localhost:10001
[32minfo[39m Ethereum (chainId=4): 	Using account 0xa7b224751e9f023b9315726c99ca4ac4fb174dae (18.446744073709551615 ETH)
[32minfo[39m Ethereum (chainId=4): 	pastEvents=21 pastStateUpdates=7
[32minfo[39m Ethereum (chainId=4): 	Sync'd to block #98, 0 events
[32minfo[39m Ethereum (chainId=4): 	
[32minfo[39m Ethereum (chainId=4): 	stateRoot = 0xbdb8b7401433314b8d5bc0edf132ac17e19d61cee4186ca3b7eae0868f125265
[32minfo[39m Ethereum (chainId=4): 	eventsRoot = 0x48fb3f4a2cc2b76796dc4b4f808bcba083585639bab8382716b3f60f3bd10e29
[32minfo[39m Ethereum (chainId=4): 	Bridges:
[32minfo[39m Ethereum (chainId=4): 		0x82ac0ab2db794ae1376ac18318ae3560f8dc40b6
[32minfo[39m Ethereum (chainId=4): 	listening to events on 0xa1df06b078d4eca5d00a4ff0d753aeb690cfda37
[32minfo[39m Ethereum (chainId=4): 	receiveCrosschainMessage fromChain=42 eventHash=0x6a0555336bfbfd863f56733a3b3601e8fd19e829cdd2f11713eb45ef70a548f3
[32minfo[39m Ethereum (chainId=4): 	EventEmitted, block=#102 eventHash=0x6e6eb6ccc49edd0ead1248415f44479a1e1b35abab0ad136dab70568f0552707
[33mwarn[39m Ethereum (chainId=4): 	receiveCrosschainMessage: ignoring event from own chain
[32minfo[39m Ethereum (chainId=4): 	computeUpdatedStateRoot: 0x74427696729720701af8afbd242cfa9aa9700c3b194a9b719c2986799ff34267
[32minfo[39m Ethereum (chainId=4): 	computeUpdatedStateRoot: 0x02606b03f6af7dba09753d87e0096d506afaec78ff08d3b3694422bbe652fb73
[32minfo[39m Ethereum (chainId=4): 	21
[32minfo[39m Ethereum (chainId=4): 	State root update failed, newer events emitted
[32minfo[39m Ethereum (chainId=4): 	ChainEvent.count BEFORE=21 NOW=22
[32minfo[39m Ethereum (chainId=4): 	StateRootUpdated root=0x02606b03f6af7dba09753d87e0096d506afaec78ff08d3b3694422bbe652fb73
[32minfo[39m Ethereum (chainId=4): 	Proving event 0x6a0555336bfbfd863f56733a3b3601e8fd19e829cdd2f11713eb45ef70a548f3 for bridging
[31merror[39m Ethereum (chainId=4): 	new BigNumber() not a number: undefined
[32minfo[39m Ethereum (chainId=4): 	Connecting to http://localhost:10001
[32minfo[39m Ethereum (chainId=4): 	Using account 0xa7b224751e9f023b9315726c99ca4ac4fb174dae (18.446744073709551615 ETH)
[32minfo[39m Ethereum (chainId=4): 	pastEvents=22 pastStateUpdates=8
[32minfo[39m Ethereum (chainId=4): 	Sync'd to block #103, 0 events
[32minfo[39m Ethereum (chainId=4): 	
[32minfo[39m Ethereum (chainId=4): 	stateRoot = 0x02606b03f6af7dba09753d87e0096d506afaec78ff08d3b3694422bbe652fb73
[32minfo[39m Ethereum (chainId=4): 	eventsRoot = 0x99075ee90ca2f56a377d216775ff2bff22adac762542c046b7da17b68b005a9f
[32minfo[39m Ethereum (chainId=4): 	Bridges:
[32minfo[39m Ethereum (chainId=4): 		0x82ac0ab2db794ae1376ac18318ae3560f8dc40b6
[32minfo[39m Ethereum (chainId=4): 	listening to events on 0xa1df06b078d4eca5d00a4ff0d753aeb690cfda37
[32minfo[39m Ethereum (chainId=4): 	EventEmitted, block=#107 eventHash=0xeb2084ad8878411950ce725b3ba27b4c5170790247884271f0b26b871e6ef513
[32minfo[39m Ethereum (chainId=4): 	receiveCrosschainMessage fromChain=42 eventHash=0x78f703b61b1b6d0b90334047b23211443cab06032f94f0401970bf87c5eb7b57
[33mwarn[39m Ethereum (chainId=4): 	receiveCrosschainMessage: ignoring event from own chain
[32minfo[39m Ethereum (chainId=4): 	computeUpdatedStateRoot: 0x4a43d5479c6b6de773f38b7149c66c4e24a309c7638c587695b4a27ab9db39ba
[32minfo[39m Ethereum (chainId=4): 	computeUpdatedStateRoot: 0x4a43d5479c6b6de773f38b7149c66c4e24a309c7638c587695b4a27ab9db39ba
[32minfo[39m Ethereum (chainId=4): 	StateRootUpdated root=0x4a43d5479c6b6de773f38b7149c66c4e24a309c7638c587695b4a27ab9db39ba
[32minfo[39m Ethereum (chainId=4): 	Proving event 0x78f703b61b1b6d0b90334047b23211443cab06032f94f0401970bf87c5eb7b57 for bridging
[31merror[39m Ethereum (chainId=4): 	new BigNumber() not a number: undefined
[32minfo[39m Ethereum (chainId=4): 	Connecting to http://localhost:10001
[32minfo[39m Ethereum (chainId=4): 	Using account 0xa7b224751e9f023b9315726c99ca4ac4fb174dae (18.446744073709551615 ETH)
[32minfo[39m Ethereum (chainId=4): 	pastEvents=23 pastStateUpdates=10
[32minfo[39m Ethereum (chainId=4): 	Sync'd to block #109, 0 events
[32minfo[39m Ethereum (chainId=4): 	
[32minfo[39m Ethereum (chainId=4): 	stateRoot = 0x4a43d5479c6b6de773f38b7149c66c4e24a309c7638c587695b4a27ab9db39ba
[32minfo[39m Ethereum (chainId=4): 	eventsRoot = 0xf2a4ebbd5a902ab87079eb1c1be8da035a622ab24b4c2bc84b9bad12fccd516c
[32minfo[39m Ethereum (chainId=4): 	Bridges:
[32minfo[39m Ethereum (chainId=4): 		0x82ac0ab2db794ae1376ac18318ae3560f8dc40b6
[32minfo[39m Ethereum (chainId=4): 	listening to events on 0xa1df06b078d4eca5d00a4ff0d753aeb690cfda37
[32minfo[39m Ethereum (chainId=4): 	EventEmitted, block=#113 eventHash=0xb9a1a9146ddbdd47229dffb0fe0a879c87dba76939c73049a2d0e09011608219
[33mwarn[39m Ethereum (chainId=4): 	receiveCrosschainMessage: ignoring event from own chain
[32minfo[39m Ethereum (chainId=4): 	receiveCrosschainMessage fromChain=42 eventHash=0xde2c8cacf0a7a371f27b64c2447cc790e8c45928034019ca774f6f3bfe8ae7dc
[32minfo[39m Ethereum (chainId=4): 	computeUpdatedStateRoot: 0x8b52c90fcec126bea5932ddfb84fe47cbdc3ce3285b40cfe03cfaf77f863b7ef
[32minfo[39m Ethereum (chainId=4): 	computeUpdatedStateRoot: 0x8b52c90fcec126bea5932ddfb84fe47cbdc3ce3285b40cfe03cfaf77f863b7ef
[32minfo[39m Ethereum (chainId=4): 	StateRootUpdated root=0x8b52c90fcec126bea5932ddfb84fe47cbdc3ce3285b40cfe03cfaf77f863b7ef
[32minfo[39m Ethereum (chainId=4): 	Proving event 0xde2c8cacf0a7a371f27b64c2447cc790e8c45928034019ca774f6f3bfe8ae7dc for bridging
[31merror[39m Ethereum (chainId=4): 	new BigNumber() not a number: undefined
[32minfo[39m Ethereum (chainId=4): 	Connecting to http://localhost:10001
[32minfo[39m Ethereum (chainId=4): 	Using account 0xa7b224751e9f023b9315726c99ca4ac4fb174dae (18.446744073709551615 ETH)
[32minfo[39m Ethereum (chainId=4): 	pastEvents=24 pastStateUpdates=12
[32minfo[39m Ethereum (chainId=4): 	Sync'd to block #115, 0 events
[32minfo[39m Ethereum (chainId=4): 	
[32minfo[39m Ethereum (chainId=4): 	stateRoot = 0x8b52c90fcec126bea5932ddfb84fe47cbdc3ce3285b40cfe03cfaf77f863b7ef
[32minfo[39m Ethereum (chainId=4): 	eventsRoot = 0xabda5c582eb388ec9079b11827be027046fb285013858b09ce09c953e5848faa
[32minfo[39m Ethereum (chainId=4): 	Bridges:
[32minfo[39m Ethereum (chainId=4): 		0x82ac0ab2db794ae1376ac18318ae3560f8dc40b6
[32minfo[39m Ethereum (chainId=4): 	listening to events on 0xa1df06b078d4eca5d00a4ff0d753aeb690cfda37
[32minfo[39m Ethereum (chainId=4): 	EventEmitted, block=#119 eventHash=0x7c8077ab0ff3512145bc4b7a00f1734a6696832f640495c4e35f89e065f2f66b
[32minfo[39m Ethereum (chainId=4): 	receiveCrosschainMessage fromChain=42 eventHash=0x1afa310dcb80e1c025e40e9681e280611127e4ac9e20470061b3e7dba97215b8
[33mwarn[39m Ethereum (chainId=4): 	receiveCrosschainMessage: ignoring event from own chain
[32minfo[39m Ethereum (chainId=4): 	computeUpdatedStateRoot: 0x50071fd5128acc5128b842440e19fd4e1e0f278d3118cf51b6995cc68bcc928e
[32minfo[39m Ethereum (chainId=4): 	computeUpdatedStateRoot: 0x50071fd5128acc5128b842440e19fd4e1e0f278d3118cf51b6995cc68bcc928e
[32minfo[39m Ethereum (chainId=4): 	StateRootUpdated root=0x50071fd5128acc5128b842440e19fd4e1e0f278d3118cf51b6995cc68bcc928e
[32minfo[39m Ethereum (chainId=4): 	Proving event 0x1afa310dcb80e1c025e40e9681e280611127e4ac9e20470061b3e7dba97215b8 for bridging
[31merror[39m Ethereum (chainId=4): 	new BigNumber() not a number: undefined
[32minfo[39m Ethereum (chainId=4): 	Connecting to http://localhost:10001
[32minfo[39m Ethereum (chainId=4): 	Using account 0xa7b224751e9f023b9315726c99ca4ac4fb174dae (18.446744073709551615 ETH)
[32minfo[39m Ethereum (chainId=4): 	pastEvents=25 pastStateUpdates=14
[32minfo[39m Ethereum (chainId=4): 	Sync'd to block #121, 0 events
[32minfo[39m Ethereum (chainId=4): 	
[32minfo[39m Ethereum (chainId=4): 	stateRoot = 0x50071fd5128acc5128b842440e19fd4e1e0f278d3118cf51b6995cc68bcc928e
[32minfo[39m Ethereum (chainId=4): 	eventsRoot = 0xf34b5364439cb496c14f45f2bc96b8fe582a31be9c0e9dfdc2e77b6893fb7313
[32minfo[39m Ethereum (chainId=4): 	Bridges:
[32minfo[39m Ethereum (chainId=4): 		0x82ac0ab2db794ae1376ac18318ae3560f8dc40b6
[32minfo[39m Ethereum (chainId=4): 	listening to events on 0xa1df06b078d4eca5d00a4ff0d753aeb690cfda37
[32minfo[39m Ethereum (chainId=4): 	Connecting to http://localhost:10001
[32minfo[39m Ethereum (chainId=4): 	Using account 0xa7b224751e9f023b9315726c99ca4ac4fb174dae (18.446744073709551615 ETH)
[32minfo[39m Ethereum (chainId=4): 	pastEvents=26 pastStateUpdates=14
[32minfo[39m Ethereum (chainId=4): 	Sync'd to block #125, 0 events
[32minfo[39m Ethereum (chainId=4): 	
[32minfo[39m Ethereum (chainId=4): 	stateRoot = 0x50071fd5128acc5128b842440e19fd4e1e0f278d3118cf51b6995cc68bcc928e
[32minfo[39m Ethereum (chainId=4): 	eventsRoot = 0xf34b5364439cb496c14f45f2bc96b8fe582a31be9c0e9dfdc2e77b6893fb7313
[32minfo[39m Ethereum (chainId=4): 	Bridges:
[32minfo[39m Ethereum (chainId=4): 		0x82ac0ab2db794ae1376ac18318ae3560f8dc40b6
[32minfo[39m Ethereum (chainId=4): 	listening to events on 0xa1df06b078d4eca5d00a4ff0d753aeb690cfda37
[32minfo[39m Ethereum (chainId=4): 	Connecting to http://localhost:10001
[32minfo[39m Ethereum (chainId=4): 	Using account 0xa7b224751e9f023b9315726c99ca4ac4fb174dae (18.446744073709551615 ETH)
[32minfo[39m Ethereum (chainId=4): 	pastEvents=27 pastStateUpdates=14
[32minfo[39m Ethereum (chainId=4): 	Sync'd to block #129, 0 events
[32minfo[39m Ethereum (chainId=4): 	
[32minfo[39m Ethereum (chainId=4): 	stateRoot = 0x50071fd5128acc5128b842440e19fd4e1e0f278d3118cf51b6995cc68bcc928e
[32minfo[39m Ethereum (chainId=4): 	eventsRoot = 0xf34b5364439cb496c14f45f2bc96b8fe582a31be9c0e9dfdc2e77b6893fb7313
[32minfo[39m Ethereum (chainId=4): 	Bridges:
[32minfo[39m Ethereum (chainId=4): 		0x82ac0ab2db794ae1376ac18318ae3560f8dc40b6
[32minfo[39m Ethereum (chainId=4): 	listening to events on 0xa1df06b078d4eca5d00a4ff0d753aeb690cfda37
[32minfo[39m Ethereum (chainId=4): 	receiveCrosschainMessage fromChain=42 eventHash=0x385fea67d8d0e02069c431647ee2b027635e99e2d445e221c86e2d6f1d270269
[32minfo[39m Ethereum (chainId=4): 	computeUpdatedStateRoot: 0x0522c2dede5dd3b5cded9120000634fad4668e6493ddad3f256cf18ed0acddb3
[32minfo[39m Ethereum (chainId=4): 	27
[32minfo[39m Ethereum (chainId=4): 	Connecting to http://localhost:10001
[32minfo[39m Ethereum (chainId=4): 	Using account 0xa7b224751e9f023b9315726c99ca4ac4fb174dae (18.446744073709551615 ETH)
[32minfo[39m Ethereum (chainId=4): 	pastEvents=28 pastStateUpdates=14
[32minfo[39m Ethereum (chainId=4): 	Sync'd to block #133, 0 events
[32minfo[39m Ethereum (chainId=4): 	
[32minfo[39m Ethereum (chainId=4): 	stateRoot = 0x50071fd5128acc5128b842440e19fd4e1e0f278d3118cf51b6995cc68bcc928e
[32minfo[39m Ethereum (chainId=4): 	eventsRoot = 0xf34b5364439cb496c14f45f2bc96b8fe582a31be9c0e9dfdc2e77b6893fb7313
[32minfo[39m Ethereum (chainId=4): 	Bridges:
[32minfo[39m Ethereum (chainId=4): 		0x82ac0ab2db794ae1376ac18318ae3560f8dc40b6
[32minfo[39m Ethereum (chainId=4): 	listening to events on 0xa1df06b078d4eca5d00a4ff0d753aeb690cfda37
[32minfo[39m Ethereum (chainId=4): 	receiveCrosschainMessage fromChain=42 eventHash=0x87f84a928755c475367eee76049d15e6ca584e6cf08eb2f5159d3fe4234f9d0e
[32minfo[39m Ethereum (chainId=4): 	EventEmitted, block=#137 eventHash=0x51d9cd6a2d9f4e6b518c5646f82437d7576c15108e471cda4cd6e13cf41ace95
[33mwarn[39m Ethereum (chainId=4): 	receiveCrosschainMessage: ignoring event from own chain
[32minfo[39m Ethereum (chainId=4): 	computeUpdatedStateRoot: 0x3cc8737e2729ff1cee6a09456e2451bfbf7f1d1d16292bc337ceb48c37186a25
[32minfo[39m Ethereum (chainId=4): 	computeUpdatedStateRoot: 0x3cc8737e2729ff1cee6a09456e2451bfbf7f1d1d16292bc337ceb48c37186a25
[32minfo[39m Ethereum (chainId=4): 	Connecting to http://localhost:10001
[32minfo[39m Ethereum (chainId=4): 	Using account 0xa7b224751e9f023b9315726c99ca4ac4fb174dae (18.446744073709551615 ETH)
[32minfo[39m Ethereum (chainId=4): 	pastEvents=28 pastStateUpdates=14
[32minfo[39m Ethereum (chainId=4): 	Sync'd to block #133, 0 events
[32minfo[39m Ethereum (chainId=4): 	
[32minfo[39m Ethereum (chainId=4): 	stateRoot = 0x50071fd5128acc5128b842440e19fd4e1e0f278d3118cf51b6995cc68bcc928e
[32minfo[39m Ethereum (chainId=4): 	eventsRoot = 0xf34b5364439cb496c14f45f2bc96b8fe582a31be9c0e9dfdc2e77b6893fb7313
[32minfo[39m Ethereum (chainId=4): 	Bridges:
[32minfo[39m Ethereum (chainId=4): 		0x82ac0ab2db794ae1376ac18318ae3560f8dc40b6
[32minfo[39m Ethereum (chainId=4): 	listening to events on 0xa1df06b078d4eca5d00a4ff0d753aeb690cfda37
[32minfo[39m Ethereum (chainId=4): 	EventEmitted, block=#137 eventHash=0x5132ec63361222e13d7ddcc7b4c7fef184a3d864e903397e9178fc6ae87ca717
[33mwarn[39m Ethereum (chainId=4): 	receiveCrosschainMessage: ignoring event from own chain
[32minfo[39m Ethereum (chainId=4): 	receiveCrosschainMessage fromChain=42 eventHash=0xa6561ddb923de68d190d79a469fe44c0623d30fb4fb1fd1ba5f8966090a19fcb
[32minfo[39m Ethereum (chainId=4): 	computeUpdatedStateRoot: 0xf43cc9fae7cd7701daf7a4d5369d882a0e8552f4421e9016e6146acfb54298bd
[32minfo[39m Ethereum (chainId=4): 	computeUpdatedStateRoot: 0x913131bd06e3cfd3d100e840d5cb81b3e063857fc14e4d7777c4ba60cea9ae14
[32minfo[39m Ethereum (chainId=4): 	29
[32minfo[39m Ethereum (chainId=4): 	Connecting to http://localhost:10001
[32minfo[39m Ethereum (chainId=4): 	Using account 0xa7b224751e9f023b9315726c99ca4ac4fb174dae (18.446744073709551615 ETH)
[32minfo[39m Ethereum (chainId=4): 	pastEvents=28 pastStateUpdates=14
[32minfo[39m Ethereum (chainId=4): 	Sync'd to block #133, 0 events
[32minfo[39m Ethereum (chainId=4): 	
[32minfo[39m Ethereum (chainId=4): 	stateRoot = 0x50071fd5128acc5128b842440e19fd4e1e0f278d3118cf51b6995cc68bcc928e
[32minfo[39m Ethereum (chainId=4): 	eventsRoot = 0xf34b5364439cb496c14f45f2bc96b8fe582a31be9c0e9dfdc2e77b6893fb7313
[32minfo[39m Ethereum (chainId=4): 	Bridges:
[32minfo[39m Ethereum (chainId=4): 		0x82ac0ab2db794ae1376ac18318ae3560f8dc40b6
[32minfo[39m Ethereum (chainId=4): 	listening to events on 0xa1df06b078d4eca5d00a4ff0d753aeb690cfda37
[32minfo[39m Ethereum (chainId=4): 	EventEmitted, block=#137 eventHash=0x170289b5826ec2ef20561b108d9ea3f8d17227cbffe4030e4faee61d234cb414
[33mwarn[39m Ethereum (chainId=4): 	receiveCrosschainMessage: ignoring event from own chain
[32minfo[39m Ethereum (chainId=4): 	computeUpdatedStateRoot: 0xe830d7cffb707081e2377bccc4fa8b5cd949f9be441d8f247f777f66b1d99ea8
[32minfo[39m Ethereum (chainId=4): 	29
[32minfo[39m Ethereum (chainId=4): 	Connecting to http://localhost:10001
[32minfo[39m Ethereum (chainId=4): 	Using account 0xa7b224751e9f023b9315726c99ca4ac4fb174dae (18.446744073709551615 ETH)
[32minfo[39m Ethereum (chainId=4): 	pastEvents=1 pastStateUpdates=1
[32minfo[39m Ethereum (chainId=4): 	Sync'd to block #11, 0 events
[32minfo[39m Ethereum (chainId=4): 	
[32minfo[39m Ethereum (chainId=4): 	stateRoot = 0xa89a659cac04bff7f6aff72d5da1bb17540e485a10cb238ee928777a1d602646
[32minfo[39m Ethereum (chainId=4): 	eventsRoot = 0xe8da24c9d863b6f162574cfe24fc6f900a5b6d6b3cde353541ea806c7c91716c
[32minfo[39m Ethereum (chainId=4): 	Bridges:
[32minfo[39m Ethereum (chainId=4): 		0x82ac0ab2db794ae1376ac18318ae3560f8dc40b6
[32minfo[39m Ethereum (chainId=4): 	listening to events on 0xa1df06b078d4eca5d00a4ff0d753aeb690cfda37
[32minfo[39m Ethereum (chainId=4): 	receiveCrosschainMessage fromChain=42 eventHash=0x33b341e6fb9ce8f3ab93e9418fabd7404927210bdcc3f0d74530565d68dba40a
[32minfo[39m Ethereum (chainId=4): 	computeUpdatedStateRoot: 0x5767c667a5c544cd7b76bb2db9685a48739591cc39f3cbc544cfd7d45c005551
[32minfo[39m Ethereum (chainId=4): 	Connecting to http://localhost:10001
[32minfo[39m Ethereum (chainId=4): 	Using account 0xa7b224751e9f023b9315726c99ca4ac4fb174dae (18.446744073709551615 ETH)
[32minfo[39m Ethereum (chainId=4): 	pastEvents=2 pastStateUpdates=1
[32minfo[39m Ethereum (chainId=4): 	Sync'd to block #15, 0 events
[32minfo[39m Ethereum (chainId=4): 	
[32minfo[39m Ethereum (chainId=4): 	stateRoot = 0xa89a659cac04bff7f6aff72d5da1bb17540e485a10cb238ee928777a1d602646
[32minfo[39m Ethereum (chainId=4): 	eventsRoot = 0xe8da24c9d863b6f162574cfe24fc6f900a5b6d6b3cde353541ea806c7c91716c
[32minfo[39m Ethereum (chainId=4): 	Bridges:
[32minfo[39m Ethereum (chainId=4): 		0x82ac0ab2db794ae1376ac18318ae3560f8dc40b6
[32minfo[39m Ethereum (chainId=4): 	listening to events on 0xa1df06b078d4eca5d00a4ff0d753aeb690cfda37
[32minfo[39m Ethereum (chainId=4): 	receiveCrosschainMessage fromChain=42 eventHash=0xf77dc978f4dbb378feb39563d4ea254744ee79475b18c7ca2c4924c6fcc7a9dc
[32minfo[39m Ethereum (chainId=4): 	computeUpdatedStateRoot: 0x3c5b92d51b4c20a02a20e08acbf9fb8434da5fd0725cb45114d7b23d2822c833
[32minfo[39m Ethereum (chainId=4): 	Connecting to http://localhost:10001
[32minfo[39m Ethereum (chainId=4): 	Using account 0xa7b224751e9f023b9315726c99ca4ac4fb174dae (18.446744073709551615 ETH)
[32minfo[39m Ethereum (chainId=4): 	pastEvents=3 pastStateUpdates=1
[32minfo[39m Ethereum (chainId=4): 	Sync'd to block #19, 0 events
[32minfo[39m Ethereum (chainId=4): 	
[32minfo[39m Ethereum (chainId=4): 	stateRoot = 0xa89a659cac04bff7f6aff72d5da1bb17540e485a10cb238ee928777a1d602646
[32minfo[39m Ethereum (chainId=4): 	eventsRoot = 0xe8da24c9d863b6f162574cfe24fc6f900a5b6d6b3cde353541ea806c7c91716c
[32minfo[39m Ethereum (chainId=4): 	Bridges:
[32minfo[39m Ethereum (chainId=4): 		0x82ac0ab2db794ae1376ac18318ae3560f8dc40b6
[32minfo[39m Ethereum (chainId=4): 	listening to events on 0xa1df06b078d4eca5d00a4ff0d753aeb690cfda37
[32minfo[39m Ethereum (chainId=4): 	receiveCrosschainMessage fromChain=42 eventHash=0x87c9116fc930403a890abfcc2639c5ce483e9c21cd1ed016ed0526068ad8f041
[32minfo[39m Ethereum (chainId=4): 	computeUpdatedStateRoot: 0x3dfef7bd9e23c3a15dbedd4fa5024670b7dc62464062a6d0b9cfb2801af9d5a5
[32minfo[39m Ethereum (chainId=4): 	3
[32minfo[39m Ethereum (chainId=4): 	Connecting to http://localhost:10001
[32minfo[39m Ethereum (chainId=4): 	Using account 0xa7b224751e9f023b9315726c99ca4ac4fb174dae (18.446744073709551615 ETH)
[32minfo[39m Ethereum (chainId=4): 	pastEvents=1 pastStateUpdates=1
[32minfo[39m Ethereum (chainId=4): 	Sync'd to block #11, 0 events
[32minfo[39m Ethereum (chainId=4): 	
[32minfo[39m Ethereum (chainId=4): 	stateRoot = 0x906cef2ea719e1e77241d564911853e9605fdbefdbc6134519b54ee3ac669984
[32minfo[39m Ethereum (chainId=4): 	eventsRoot = 0x4ed5c02d6d48c8932486c99d3ad999e5d8949dc3be3b3058cc2979690c3e3a62
[32minfo[39m Ethereum (chainId=4): 	Bridges:
[32minfo[39m Ethereum (chainId=4): 		0x82ac0ab2db794ae1376ac18318ae3560f8dc40b6
[32minfo[39m Ethereum (chainId=4): 	listening to events on 0xa1df06b078d4eca5d00a4ff0d753aeb690cfda37
[32minfo[39m Ethereum (chainId=4): 	receiveCrosschainMessage fromChain=42 eventHash=0x43320d0ec49418cd14372ff9671a688ce6c63d07bea89654c3be04e4706d6651
[32minfo[39m Ethereum (chainId=4): 	computeUpdatedStateRoot: 0x4a65cdfcdc809aace314ff61c2f19fe4ad4c0f969a92286394378add19940c65
[32minfo[39m Ethereum (chainId=4): 	1
[32minfo[39m Ethereum (chainId=4): 	Connecting to http://localhost:10001
[32minfo[39m Ethereum (chainId=4): 	Using account 0xa7b224751e9f023b9315726c99ca4ac4fb174dae (18.446744073709551615 ETH)
[32minfo[39m Ethereum (chainId=4): 	pastEvents=1 pastStateUpdates=1
[32minfo[39m Ethereum (chainId=4): 	Sync'd to block #11, 0 events
[32minfo[39m Ethereum (chainId=4): 	
[32minfo[39m Ethereum (chainId=4): 	stateRoot = 0xeda067cfffe1819f598e8384d9348ba7c5683ec42080720cb574fb154bf458a0
[32minfo[39m Ethereum (chainId=4): 	eventsRoot = 0x4ed5c02d6d48c8932486c99d3ad999e5d8949dc3be3b3058cc2979690c3e3a62
[32minfo[39m Ethereum (chainId=4): 	Bridges:
[32minfo[39m Ethereum (chainId=4): 		0x82ac0ab2db794ae1376ac18318ae3560f8dc40b6
[32minfo[39m Ethereum (chainId=4): 	listening to events on 0xa1df06b078d4eca5d00a4ff0d753aeb690cfda37
[32minfo[39m Ethereum (chainId=4): 	EventEmitted, block=#15 eventHash=0x50c548965ef199470c7d8eaff97b7b0ded9a621508e2da916c937c66ab5a7cc0
[33mwarn[39m Ethereum (chainId=4): 	receiveCrosschainMessage: ignoring event from own chain
[32minfo[39m Ethereum (chainId=4): 	receiveCrosschainMessage fromChain=42 eventHash=0x48f4ade796116a22dbecd65104bb3254013879d2a5e609ba7defc9ed9df7b6be
[32minfo[39m Ethereum (chainId=4): 	computeUpdatedStateRoot: 0x7405b72cce2da57817f96d4653c77fd9de75fd54847e9bbb73e997471a275bc3
[32minfo[39m Ethereum (chainId=4): 	computeUpdatedStateRoot: 0x953d1625ee578d9166812fa59a240212d6c4009cf8cffdbdd93673ba17504156
[32minfo[39m Ethereum (chainId=4): 	2
[32minfo[39m Ethereum (chainId=4): 	Connecting to http://localhost:10001
[32minfo[39m Ethereum (chainId=4): 	Using account 0xa7b224751e9f023b9315726c99ca4ac4fb174dae (18.446744073709551615 ETH)
[32minfo[39m Ethereum (chainId=4): 	pastEvents=2 pastStateUpdates=1
[32minfo[39m Ethereum (chainId=4): 	Sync'd to block #15, 0 events
[32minfo[39m Ethereum (chainId=4): 	
[32minfo[39m Ethereum (chainId=4): 	stateRoot = 0xeda067cfffe1819f598e8384d9348ba7c5683ec42080720cb574fb154bf458a0
[32minfo[39m Ethereum (chainId=4): 	eventsRoot = 0x4ed5c02d6d48c8932486c99d3ad999e5d8949dc3be3b3058cc2979690c3e3a62
[32minfo[39m Ethereum (chainId=4): 	Bridges:
[32minfo[39m Ethereum (chainId=4): 		0x82ac0ab2db794ae1376ac18318ae3560f8dc40b6
[32minfo[39m Ethereum (chainId=4): 	listening to events on 0xa1df06b078d4eca5d00a4ff0d753aeb690cfda37
[33mwarn[39m Ethereum (chainId=4): 	receiveCrosschainMessage: ignoring event from own chain
[32minfo[39m Ethereum (chainId=4): 	receiveCrosschainMessage fromChain=42 eventHash=0x78aae158b0c4efaace9f7d88c10dd59ff4e253e00ff23c9c406a507fa4aef4e8
[32minfo[39m Ethereum (chainId=4): 	EventEmitted, block=#19 eventHash=0xb7a896c8f31ce5e46d480e1127d9cc24a3876f28d90ee6fe3b8d85f30de05650
[32minfo[39m Ethereum (chainId=4): 	computeUpdatedStateRoot: root=0xf014c75e1b7ef1a4a473a5001598df6ff35be1e4f2239d02b788c39d0f813371 eventRoot=0x208857bcacf4b006f433a18c01eed88fc28c1cdc3159bbe322f08a69718ea096 ackdEvent=1
[32minfo[39m Ethereum (chainId=4): 	computeUpdatedStateRoot: root=0x404b047937bc0f04a486f2159407fd969a3dddae07485ceda3ee85a267de578c eventRoot=0x80d49977fac1749805f3d5e738bf8d8e09182ac28007bfb70fc7fcf98bea894a ackdEvent=2
[32minfo[39m Ethereum (chainId=4): 	2
[32minfo[39m Ethereum (chainId=4): 	State root update failed, newer events emitted
[32minfo[39m Ethereum (chainId=4): 	ChainEvent.count BEFORE=2 NOW=3
[32minfo[39m Ethereum (chainId=4): 	Connecting to http://localhost:10001
[32minfo[39m Ethereum (chainId=4): 	Using account 0xa7b224751e9f023b9315726c99ca4ac4fb174dae (18.446744073709551615 ETH)
[32minfo[39m Ethereum (chainId=4): 	pastEvents=3 pastStateUpdates=1
[32minfo[39m Ethereum (chainId=4): 	Sync'd to block #19, 0 events
[32minfo[39m Ethereum (chainId=4): 	
[32minfo[39m Ethereum (chainId=4): 	stateRoot = 0xeda067cfffe1819f598e8384d9348ba7c5683ec42080720cb574fb154bf458a0
[32minfo[39m Ethereum (chainId=4): 	eventsRoot = 0x4ed5c02d6d48c8932486c99d3ad999e5d8949dc3be3b3058cc2979690c3e3a62
[32minfo[39m Ethereum (chainId=4): 	Bridges:
[32minfo[39m Ethereum (chainId=4): 		0x82ac0ab2db794ae1376ac18318ae3560f8dc40b6
[32minfo[39m Ethereum (chainId=4): 	listening to events on 0xa1df06b078d4eca5d00a4ff0d753aeb690cfda37
[32minfo[39m Ethereum (chainId=4): 	EventEmitted, block=#23 eventHash=0x396c7e28b5b6dd51a768bc16460fccc72dd8e7e66580a5885bbf4c0b85f4cb87
[33mwarn[39m Ethereum (chainId=4): 	receiveCrosschainMessage: ignoring event from own chain
[32minfo[39m Ethereum (chainId=4): 	receiveCrosschainMessage fromChain=42 eventHash=0xb632d11b347e83b08ee404354eac0ecb04dd2442ec4df172a367f3257ed9f473
[32minfo[39m Ethereum (chainId=4): 	computeUpdatedStateRoot: root=0x1ce8404dca0ea4aa528207803498647aa66b542802455f756602d49a66d9178f eventRoot=0xb15dc1c4987e2f2cfd0464954b97114f2e7b1ab3383f41f00778c6b91d70ce4f ackdEvent=3
[32minfo[39m Ethereum (chainId=4): 	computeUpdatedStateRoot: root=0x9a63f460f6d2b284ad285da25c4f500f1500121cb5188a9ad352ff7a5e46e114 eventRoot=0xb15dc1c4987e2f2cfd0464954b97114f2e7b1ab3383f41f00778c6b91d70ce4f ackdEvent=3
[32minfo[39m Ethereum (chainId=4): 	4
[32minfo[39m Ethereum (chainId=4): 	Connecting to http://localhost:10001
[32minfo[39m Ethereum (chainId=4): 	Using account 0xa7b224751e9f023b9315726c99ca4ac4fb174dae (18.446744073709551615 ETH)
[32minfo[39m Ethereum (chainId=4): 	pastEvents=4 pastStateUpdates=1
[32minfo[39m Ethereum (chainId=4): 	Sync'd to block #23, 0 events
[32minfo[39m Ethereum (chainId=4): 	
[32minfo[39m Ethereum (chainId=4): 	stateRoot = 0xeda067cfffe1819f598e8384d9348ba7c5683ec42080720cb574fb154bf458a0
[32minfo[39m Ethereum (chainId=4): 	eventsRoot = 0x4ed5c02d6d48c8932486c99d3ad999e5d8949dc3be3b3058cc2979690c3e3a62
[32minfo[39m Ethereum (chainId=4): 	Bridges:
[32minfo[39m Ethereum (chainId=4): 		0x82ac0ab2db794ae1376ac18318ae3560f8dc40b6
[32minfo[39m Ethereum (chainId=4): 	listening to events on 0xa1df06b078d4eca5d00a4ff0d753aeb690cfda37
[32minfo[39m Ethereum (chainId=4): 	receiveCrosschainMessage fromChain=42 eventHash=0x506a0f601c79309dbadea39e25ba56155b62aae7603a8d207cc90f031b8d6b99
[32minfo[39m Ethereum (chainId=4): 	computeUpdatedStateRoot: root=0xc11d9ce9d24ead05dee0187c2865779fcf012dc3b5b31b4a5bff0e59fd1a6ce2 eventRoot=0xb15dc1c4987e2f2cfd0464954b97114f2e7b1ab3383f41f00778c6b91d70ce4f ackdEvent=3
[32minfo[39m Ethereum (chainId=4): 	Connecting to http://localhost:10001
[32minfo[39m Ethereum (chainId=4): 	Using account 0xa7b224751e9f023b9315726c99ca4ac4fb174dae (18.446744073709551615 ETH)
[32minfo[39m Ethereum (chainId=4): 	pastEvents=1 pastStateUpdates=1
[32minfo[39m Ethereum (chainId=4): 	Sync'd to block #12, 0 events
[32minfo[39m Ethereum (chainId=4): 	
[32minfo[39m Ethereum (chainId=4): 	stateRoot = 0x0b61906cc91778ae1ac25677e5a978e31ba6bfb06466f3ccefbd5ebcb4f82a69
[32minfo[39m Ethereum (chainId=4): 	eventsRoot = 0xf39a869f62e75cf5f0bf914688a6b289caf2049435d8e68c5c5e6d05e44913f3
[32minfo[39m Ethereum (chainId=4): 	Bridges:
[32minfo[39m Ethereum (chainId=4): 		0x9ad2b90fe370b9fb6caa7aa1f644069797e91f66
[32minfo[39m Ethereum (chainId=4): 	listening to events on 0xaba19d9dc85ece02661379521927bc3e8c3ec964
[32minfo[39m Ethereum (chainId=4): 	receiveCrosschainMessage fromChain=42 eventHash=0xe47bd44f78c74a0d9ddbabc776aa8c4b4c93e208925429669445b62981721467
[32minfo[39m Ethereum (chainId=4): 	computeUpdatedStateRoot: root=0xc23a0eaed48281891670fa5cc8e92302879ab710211d2c3372044b99a794c908 eventRoot=0xe83c680c950e7f4daa79d7b56f02a8df6df910d5331394f69cccc2311e2b96e9 ackdEvent=0
[32minfo[39m Ethereum (chainId=4): 	1
[32minfo[39m Ethereum (chainId=4): 	Connecting to http://localhost:10001
[32minfo[39m Ethereum (chainId=4): 	Using account 0xa7b224751e9f023b9315726c99ca4ac4fb174dae (18.446744073709551615 ETH)
[32minfo[39m Ethereum (chainId=4): 	pastEvents=1 pastStateUpdates=1
[32minfo[39m Ethereum (chainId=4): 	Sync'd to block #15, 0 events
[32minfo[39m Ethereum (chainId=4): 	
[32minfo[39m Ethereum (chainId=4): 	stateRoot = 0x0b61906cc91778ae1ac25677e5a978e31ba6bfb06466f3ccefbd5ebcb4f82a69
[32minfo[39m Ethereum (chainId=4): 	eventsRoot = 0xf39a869f62e75cf5f0bf914688a6b289caf2049435d8e68c5c5e6d05e44913f3
[32minfo[39m Ethereum (chainId=4): 	Bridges:
[32minfo[39m Ethereum (chainId=4): 		0x9ad2b90fe370b9fb6caa7aa1f644069797e91f66
[32minfo[39m Ethereum (chainId=4): 	listening to events on 0xaba19d9dc85ece02661379521927bc3e8c3ec964
[32minfo[39m Ethereum (chainId=4): 	Connecting to http://localhost:10001
[32minfo[39m Ethereum (chainId=4): 	Using account 0xa7b224751e9f023b9315726c99ca4ac4fb174dae (18.446744073709551615 ETH)
[32minfo[39m Ethereum (chainId=4): 	pastEvents=1 pastStateUpdates=1
[32minfo[39m Ethereum (chainId=4): 	Sync'd to block #15, 0 events
[32minfo[39m Ethereum (chainId=4): 	
[32minfo[39m Ethereum (chainId=4): 	stateRoot = 0x0b61906cc91778ae1ac25677e5a978e31ba6bfb06466f3ccefbd5ebcb4f82a69
[32minfo[39m Ethereum (chainId=4): 	eventsRoot = 0xf39a869f62e75cf5f0bf914688a6b289caf2049435d8e68c5c5e6d05e44913f3
[32minfo[39m Ethereum (chainId=4): 	Bridges:
[32minfo[39m Ethereum (chainId=4): 		0x9ad2b90fe370b9fb6caa7aa1f644069797e91f66
[32minfo[39m Ethereum (chainId=4): 	listening to events on 0xaba19d9dc85ece02661379521927bc3e8c3ec964
[32minfo[39m Ethereum (chainId=4): 	Connecting to http://localhost:10001
[32minfo[39m Ethereum (chainId=4): 	Using account 0xa7b224751e9f023b9315726c99ca4ac4fb174dae (18.446744073709551615 ETH)
[32minfo[39m Ethereum (chainId=4): 	pastEvents=1 pastStateUpdates=1
[32minfo[39m Ethereum (chainId=4): 	Sync'd to block #15, 0 events
[32minfo[39m Ethereum (chainId=4): 	
[32minfo[39m Ethereum (chainId=4): 	stateRoot = 0x0b61906cc91778ae1ac25677e5a978e31ba6bfb06466f3ccefbd5ebcb4f82a69
[32minfo[39m Ethereum (chainId=4): 	eventsRoot = 0xf39a869f62e75cf5f0bf914688a6b289caf2049435d8e68c5c5e6d05e44913f3
[32minfo[39m Ethereum (chainId=4): 	Bridges:
[32minfo[39m Ethereum (chainId=4): 		0x9ad2b90fe370b9fb6caa7aa1f644069797e91f66
[32minfo[39m Ethereum (chainId=4): 	listening to events on 0xaba19d9dc85ece02661379521927bc3e8c3ec964
[32minfo[39m Ethereum (chainId=4): 	computeUpdatedStateRoot: root=0x050e82b2ac2680a7e833624d640a059e7556e80a6c47cf9172e510768b3bad3d eventRoot=0xe83c680c950e7f4daa79d7b56f02a8df6df910d5331394f69cccc2311e2b96e9 ackdEvent=0
[32minfo[39m Ethereum (chainId=4): 	1
[32minfo[39m Ethereum (chainId=4): 	Connecting to http://localhost:10001
[32minfo[39m Ethereum (chainId=4): 	Using account 0xa7b224751e9f023b9315726c99ca4ac4fb174dae (18.446744073709551615 ETH)
[32minfo[39m Ethereum (chainId=4): 	pastEvents=0 pastStateUpdates=1
[32minfo[39m Ethereum (chainId=4): 	Sync'd to block #12, 0 events
[32minfo[39m Ethereum (chainId=4): 	
[32minfo[39m Ethereum (chainId=4): 	stateRoot = 0xc5fd56938e1fb5bd478969dee920894f0aca58665c932ed57d71e271d868b6fa
[32minfo[39m Ethereum (chainId=4): 	eventsRoot = 0x92f3722a5e09b418ba2fe076928f6fb310977c30d87cbdca3f48ec5c1c5a41e1
[32minfo[39m Ethereum (chainId=4): 	Bridges:
[32minfo[39m Ethereum (chainId=4): 		0x9ad2b90fe370b9fb6caa7aa1f644069797e91f66
[32minfo[39m Ethereum (chainId=4): 	listening to events on 0xaba19d9dc85ece02661379521927bc3e8c3ec964
[31merror[39m Ethereum (chainId=4): 	no leaves in tree
[32minfo[39m Ethereum (chainId=4): 	Connecting to http://localhost:10001
[32minfo[39m Ethereum (chainId=4): 	Using account 0xa7b224751e9f023b9315726c99ca4ac4fb174dae (18.446744073709551615 ETH)
[32minfo[39m Ethereum (chainId=4): 	pastEvents=0 pastStateUpdates=1
[32minfo[39m Ethereum (chainId=4): 	Sync'd to block #15, 0 events
[32minfo[39m Ethereum (chainId=4): 	
[32minfo[39m Ethereum (chainId=4): 	stateRoot = 0xc5fd56938e1fb5bd478969dee920894f0aca58665c932ed57d71e271d868b6fa
[32minfo[39m Ethereum (chainId=4): 	eventsRoot = 0x92f3722a5e09b418ba2fe076928f6fb310977c30d87cbdca3f48ec5c1c5a41e1
[32minfo[39m Ethereum (chainId=4): 	Bridges:
[32minfo[39m Ethereum (chainId=4): 		0x9ad2b90fe370b9fb6caa7aa1f644069797e91f66
[32minfo[39m Ethereum (chainId=4): 	listening to events on 0xaba19d9dc85ece02661379521927bc3e8c3ec964
[32minfo[39m Ethereum (chainId=4): 	Connecting to http://localhost:10001
[32minfo[39m Ethereum (chainId=4): 	Using account 0xa7b224751e9f023b9315726c99ca4ac4fb174dae (18.446744073709551615 ETH)
[32minfo[39m Ethereum (chainId=4): 	pastEvents=1 pastStateUpdates=1
[32minfo[39m Ethereum (chainId=4): 	Sync'd to block #12, 0 events
[32minfo[39m Ethereum (chainId=4): 	
[32minfo[39m Ethereum (chainId=4): 	stateRoot = 0x078de4cbebe51f1d92e5f34aa8907936360134c741e64a2d228ed66ecd42a641
[32minfo[39m Ethereum (chainId=4): 	eventsRoot = 0x707c7975e393a1b6cdf847aeb0b32b395cd8f16cca620271627eb7e3c78a633a
[32minfo[39m Ethereum (chainId=4): 	Bridges:
[32minfo[39m Ethereum (chainId=4): 		0x9ad2b90fe370b9fb6caa7aa1f644069797e91f66
[32minfo[39m Ethereum (chainId=4): 	listening to events on 0xaba19d9dc85ece02661379521927bc3e8c3ec964
[32minfo[39m Ethereum (chainId=4): 	computeUpdatedStateRoot: root=0x8a51e09fe1624c8eb02364f56f443432b90b8cd0cba4b3b770d242f72de48a21 eventRoot=0x707c7975e393a1b6cdf847aeb0b32b395cd8f16cca620271627eb7e3c78a633a ackdEvent=0
[32minfo[39m Ethereum (chainId=4): 	StateRootUpdated root=0x8a51e09fe1624c8eb02364f56f443432b90b8cd0cba4b3b770d242f72de48a21
[32minfo[39m Ethereum (chainId=4): 	Connecting to http://localhost:10001
[32minfo[39m Ethereum (chainId=4): 	Using account 0xa7b224751e9f023b9315726c99ca4ac4fb174dae (18.446744073709551615 ETH)
[32minfo[39m Ethereum (chainId=4): 	pastEvents=1 pastStateUpdates=2
[32minfo[39m Ethereum (chainId=4): 	Sync'd to block #16, 0 events
[32minfo[39m Ethereum (chainId=4): 	
[32minfo[39m Ethereum (chainId=4): 	stateRoot = 0x8a51e09fe1624c8eb02364f56f443432b90b8cd0cba4b3b770d242f72de48a21
[32minfo[39m Ethereum (chainId=4): 	eventsRoot = 0x707c7975e393a1b6cdf847aeb0b32b395cd8f16cca620271627eb7e3c78a633a
[32minfo[39m Ethereum (chainId=4): 	Bridges:
[32minfo[39m Ethereum (chainId=4): 		0x9ad2b90fe370b9fb6caa7aa1f644069797e91f66
[32minfo[39m Ethereum (chainId=4): 	listening to events on 0xaba19d9dc85ece02661379521927bc3e8c3ec964
[32minfo[39m Ethereum (chainId=4): 	receiveCrosschainMessage fromChain=42 eventHash=0xba347358fba27810aa94fdb6943cdb7baaac72737c3568316de4c4e72a4d0a55
[32minfo[39m Ethereum (chainId=4): 	computeUpdatedStateRoot: root=0x326ce37849080bfa763da9b9b075656ab2f6f52243bd7dc6f51b455e1da89aba eventRoot=0x707c7975e393a1b6cdf847aeb0b32b395cd8f16cca620271627eb7e3c78a633a ackdEvent=0
[32minfo[39m Ethereum (chainId=4): 	StateRootUpdated root=0x326ce37849080bfa763da9b9b075656ab2f6f52243bd7dc6f51b455e1da89aba
[32minfo[39m Ethereum (chainId=4): 	Proving event 0xba347358fba27810aa94fdb6943cdb7baaac72737c3568316de4c4e72a4d0a55 for bridging
[31merror[39m Ethereum (chainId=4): 	new BigNumber() not a number: undefined
[32minfo[39m Ethereum (chainId=4): 	Connecting to http://localhost:10001
[32minfo[39m Ethereum (chainId=4): 	Using account 0xa7b224751e9f023b9315726c99ca4ac4fb174dae (18.446744073709551615 ETH)
[32minfo[39m Ethereum (chainId=4): 	pastEvents=1 pastStateUpdates=3
[32minfo[39m Ethereum (chainId=4): 	Sync'd to block #20, 0 events
[32minfo[39m Ethereum (chainId=4): 	
[32minfo[39m Ethereum (chainId=4): 	stateRoot = 0x326ce37849080bfa763da9b9b075656ab2f6f52243bd7dc6f51b455e1da89aba
[32minfo[39m Ethereum (chainId=4): 	eventsRoot = 0x707c7975e393a1b6cdf847aeb0b32b395cd8f16cca620271627eb7e3c78a633a
[32minfo[39m Ethereum (chainId=4): 	Bridges:
[32minfo[39m Ethereum (chainId=4): 		0x9ad2b90fe370b9fb6caa7aa1f644069797e91f66
[32minfo[39m Ethereum (chainId=4): 	listening to events on 0xaba19d9dc85ece02661379521927bc3e8c3ec964
[32minfo[39m Ethereum (chainId=4): 	receiveCrosschainMessage fromChain=42 eventHash=0x6ef2ddf3c8237e68adda2aebfae128e58cca0f55b594821658acc8240c0f84ce
[32minfo[39m Ethereum (chainId=4): 	computeUpdatedStateRoot: root=0x54073766306f26c2f830f5ba18d9fdc8fc8df5271797fc4885bab1df5bd670fc eventRoot=0x707c7975e393a1b6cdf847aeb0b32b395cd8f16cca620271627eb7e3c78a633a ackdEvent=0
[32minfo[39m Ethereum (chainId=4): 	StateRootUpdated root=0x54073766306f26c2f830f5ba18d9fdc8fc8df5271797fc4885bab1df5bd670fc
[32minfo[39m Ethereum (chainId=4): 	Proving event 0x6ef2ddf3c8237e68adda2aebfae128e58cca0f55b594821658acc8240c0f84ce for bridging
[31merror[39m Ethereum (chainId=4): 	new BigNumber() not a number: undefined
[32minfo[39m Ethereum (chainId=4): 	Connecting to http://localhost:10001
[32minfo[39m Ethereum (chainId=4): 	Using account 0xa7b224751e9f023b9315726c99ca4ac4fb174dae (18.446744073709551615 ETH)
[32minfo[39m Ethereum (chainId=4): 	pastEvents=1 pastStateUpdates=4
[32minfo[39m Ethereum (chainId=4): 	Sync'd to block #24, 0 events
[32minfo[39m Ethereum (chainId=4): 	
[32minfo[39m Ethereum (chainId=4): 	stateRoot = 0x54073766306f26c2f830f5ba18d9fdc8fc8df5271797fc4885bab1df5bd670fc
[32minfo[39m Ethereum (chainId=4): 	eventsRoot = 0x707c7975e393a1b6cdf847aeb0b32b395cd8f16cca620271627eb7e3c78a633a
[32minfo[39m Ethereum (chainId=4): 	Bridges:
[32minfo[39m Ethereum (chainId=4): 		0x9ad2b90fe370b9fb6caa7aa1f644069797e91f66
[32minfo[39m Ethereum (chainId=4): 	listening to events on 0xaba19d9dc85ece02661379521927bc3e8c3ec964
[32minfo[39m Ethereum (chainId=4): 	receiveCrosschainMessage fromChain=42 eventHash=0xd5fe7f7503f4b9b6a25242ac969502a2efb58c9ac83d8d6a1fed54d6716e25af
[32minfo[39m Ethereum (chainId=4): 	computeUpdatedStateRoot: root=0x475d9f8619e6b2c3df02ebc28616a7781bf0f195af43761d44d8c02967077990 eventRoot=0x707c7975e393a1b6cdf847aeb0b32b395cd8f16cca620271627eb7e3c78a633a ackdEvent=0
[32minfo[39m Ethereum (chainId=4): 	StateRootUpdated root=0x475d9f8619e6b2c3df02ebc28616a7781bf0f195af43761d44d8c02967077990
[32minfo[39m Ethereum (chainId=4): 	Proving event 0xd5fe7f7503f4b9b6a25242ac969502a2efb58c9ac83d8d6a1fed54d6716e25af for bridging
[31merror[39m Ethereum (chainId=4): 	VM Exception while processing transaction: revert _eventHash INVALID_PROOF
[32minfo[39m Ethereum (chainId=4): 	Connecting to http://localhost:10001
[32minfo[39m Ethereum (chainId=4): 	Using account 0xa7b224751e9f023b9315726c99ca4ac4fb174dae (18.446744073709551615 ETH)
[32minfo[39m Ethereum (chainId=4): 	pastEvents=1 pastStateUpdates=5
[32minfo[39m Ethereum (chainId=4): 	Sync'd to block #29, 0 events
[32minfo[39m Ethereum (chainId=4): 	
[32minfo[39m Ethereum (chainId=4): 	stateRoot = 0x475d9f8619e6b2c3df02ebc28616a7781bf0f195af43761d44d8c02967077990
[32minfo[39m Ethereum (chainId=4): 	eventsRoot = 0x707c7975e393a1b6cdf847aeb0b32b395cd8f16cca620271627eb7e3c78a633a
[32minfo[39m Ethereum (chainId=4): 	Bridges:
[32minfo[39m Ethereum (chainId=4): 		0x9ad2b90fe370b9fb6caa7aa1f644069797e91f66
[32minfo[39m Ethereum (chainId=4): 	listening to events on 0xaba19d9dc85ece02661379521927bc3e8c3ec964
[32minfo[39m Ethereum (chainId=4): 	receiveCrosschainMessage fromChain=42 eventHash=0xf02930688b339b2e7444201b2c8d74704ec0a53bff7e96b6eb639d576e9dab5d
[32minfo[39m Ethereum (chainId=4): 	computeUpdatedStateRoot: root=0xdb73c3e836ba9618a326cf13f7feec609673bf3c59b30cd22830772bf633cf0a eventRoot=0x707c7975e393a1b6cdf847aeb0b32b395cd8f16cca620271627eb7e3c78a633a ackdEvent=0
[32minfo[39m Ethereum (chainId=4): 	StateRootUpdated root=0xdb73c3e836ba9618a326cf13f7feec609673bf3c59b30cd22830772bf633cf0a
[32minfo[39m Ethereum (chainId=4): 	Proving event 0xf02930688b339b2e7444201b2c8d74704ec0a53bff7e96b6eb639d576e9dab5d for bridging
[31merror[39m Ethereum (chainId=4): 	VM Exception while processing transaction: revert _eventHash INVALID_PROOF
[32minfo[39m Ethereum (chainId=4): 	Connecting to http://localhost:10001
[32minfo[39m Ethereum (chainId=4): 	Using account 0xa7b224751e9f023b9315726c99ca4ac4fb174dae (18.446744073709551615 ETH)
[32minfo[39m Ethereum (chainId=4): 	pastEvents=1 pastStateUpdates=1
[32minfo[39m Ethereum (chainId=4): 	Sync'd to block #12
[32minfo[39m Ethereum (chainId=4): 	
[32minfo[39m Ethereum (chainId=4): 	stateRoot = 0x3435c8a5ebeb232266b620db2387d4c45c4cef63ed44dfbf33bb1440b73149d9
[32minfo[39m Ethereum (chainId=4): 	eventsRoot = 0x3435c8a5ebeb232266b620db2387d4c45c4cef63ed44dfbf33bb1440b73149d9
[32minfo[39m Ethereum (chainId=4): 	Bridges:
[32minfo[39m Ethereum (chainId=4): 		0x9ad2b90fe370b9fb6caa7aa1f644069797e91f66
[32minfo[39m Ethereum (chainId=4): 	listening to events on 0xaba19d9dc85ece02661379521927bc3e8c3ec964
[32minfo[39m Ethereum (chainId=4): 	EventEmitted, block=#19 eventHash=0x43bc89f7784d87052ac35b3702b9ecce0f9b556efaecc3396d5e7c7f2f4cc1b0
[32minfo[39m Ethereum (chainId=4): 	computeUpdatedStateRoot: root=0xdd8131f4e2c32ff2af4122e934fd9abf7bce03fa48f0750a1b3047a33af87cc1 eventRoot=0xaa0bbcfe897c064ab0145b67e79d8e6d9cfad5bd5627de892ee2c35f32a576e9 ackdEvent=1
[32minfo[39m Ethereum (chainId=4): 	StateRootUpdated root=0xdd8131f4e2c32ff2af4122e934fd9abf7bce03fa48f0750a1b3047a33af87cc1
[32minfo[39m Ethereum (chainId=4): 	receiveCrosschainMessage fromChain=42 eventHash=0x4a62ffe99f290c25a0fc572d39d34f8c8e84e9a9f4da7bf66b641b2007ea779d
[32minfo[39m Ethereum (chainId=4): 	computeUpdatedStateRoot: root=0x6e7c9694fd1dc831d6755ac3c7f0d92ff4dc4a5e70e75f09e4f8df8129ff1f49 eventRoot=0xaa0bbcfe897c064ab0145b67e79d8e6d9cfad5bd5627de892ee2c35f32a576e9 ackdEvent=1
[32minfo[39m Ethereum (chainId=4): 	StateRootUpdated root=0x6e7c9694fd1dc831d6755ac3c7f0d92ff4dc4a5e70e75f09e4f8df8129ff1f49
[32minfo[39m Ethereum (chainId=4): 	Proving event 0x4a62ffe99f290c25a0fc572d39d34f8c8e84e9a9f4da7bf66b641b2007ea779d for bridging
[32minfo[39m Ethereum (chainId=4): 	bridged ev: 0x4a62ffe99f290c25a0fc572d39d34f8c8e84e9a9f4da7bf66b641b2007ea779d for bridge 0x9ad2b90fe370b9fb6caa7aa1f644069797e91f66
[32minfo[39m Ethereum (chainId=4): 	EventEmitted, block=#24 eventHash=0x510d86716fca2d69e700326092ea457a7c8a5ce3cd23ea35b8bd3885c4595a07
[32minfo[39m Ethereum (chainId=4): 	computeUpdatedStateRoot: root=0x2b0ba96d41b8348502cc7b774b512bfd08eba096d519632543f0a83bba4ff200 eventRoot=0x1d5c3570cda7a376a0b6b7562568d8f9ace03b2fbf635b863cb8c0bec6d053d1 ackdEvent=2
[32minfo[39m Ethereum (chainId=4): 	StateRootUpdated root=0x2b0ba96d41b8348502cc7b774b512bfd08eba096d519632543f0a83bba4ff200
[32minfo[39m Ethereum (chainId=4): 	Connecting to http://localhost:10001
[32minfo[39m Ethereum (chainId=4): 	Using account 0xa7b224751e9f023b9315726c99ca4ac4fb174dae (18.446744073709551615 ETH)
[32minfo[39m Ethereum (chainId=4): 	pastEvents=2 pastStateUpdates=1
[32minfo[39m Ethereum (chainId=4): 	Sync'd to block #35
[32minfo[39m Ethereum (chainId=4): 	
[32minfo[39m Ethereum (chainId=4): 	stateRoot = 0xc8fc6d928963a724422f169edeec99b991017ee5c93747a4aa56ba08a4a4ca90
[32minfo[39m Ethereum (chainId=4): 	eventsRoot = 0xc8fc6d928963a724422f169edeec99b991017ee5c93747a4aa56ba08a4a4ca90
[32minfo[39m Ethereum (chainId=4): 	Bridges:
[32minfo[39m Ethereum (chainId=4): 		0x2f26e5d7ee353db6d1f6d4f09eb45497c0b6710c
[32minfo[39m Ethereum (chainId=4): 	listening to events on 0xb53db08046a46623c0b3e86cc47679af0d536387
[32minfo[39m Ethereum (chainId=4): 	Connecting to http://localhost:10001
[32minfo[39m Ethereum (chainId=4): 	Using account 0xa7b224751e9f023b9315726c99ca4ac4fb174dae (18.446744073709551615 ETH)
[32minfo[39m Ethereum (chainId=4): 	pastEvents=2 pastStateUpdates=1
[32minfo[39m Ethereum (chainId=4): 	Sync'd to block #35
[32minfo[39m Ethereum (chainId=4): 	
[32minfo[39m Ethereum (chainId=4): 	stateRoot = 0xc8fc6d928963a724422f169edeec99b991017ee5c93747a4aa56ba08a4a4ca90
[32minfo[39m Ethereum (chainId=4): 	eventsRoot = 0xc8fc6d928963a724422f169edeec99b991017ee5c93747a4aa56ba08a4a4ca90
[32minfo[39m Ethereum (chainId=4): 	Bridges:
[32minfo[39m Ethereum (chainId=4): 		0x2f26e5d7ee353db6d1f6d4f09eb45497c0b6710c
[32minfo[39m Ethereum (chainId=4): 	listening to events on 0xb53db08046a46623c0b3e86cc47679af0d536387
[32minfo[39m Ethereum (chainId=4): 	EventEmitted, block=#37 eventHash=0x4ab87d25cefb898aa604fd0d182ed9d3e854ec0b5a79bad2b0af830b82fd4d7e
[32minfo[39m Ethereum (chainId=4): 	computeUpdatedStateRoot: root=0xcdfe461efec17ccceddc7b4ac86a8d24103c48dc3378fff138197d79e823948f eventRoot=0xcdb62dc3e8dd5855f40f67bbc345afe5de74ec03a6ce2c8f02a7d6bff4225801 ackdEvent=2
[32minfo[39m Ethereum (chainId=4): 	StateRootUpdated root=0xcdfe461efec17ccceddc7b4ac86a8d24103c48dc3378fff138197d79e823948f
[32minfo[39m Ethereum (chainId=4): 	receiveCrosschainMessage fromChain=42 eventHash=0xbdbd70794aa3e6020f02efb1bb892aa190ff00631647733c06ad7eb09b5bb611
[32minfo[39m Ethereum (chainId=4): 	computeUpdatedStateRoot: root=0xcf843a945aa69630f9f2821c7981a3da2d85f0a7ce3d453e679909ceb85a4487 eventRoot=0xcdb62dc3e8dd5855f40f67bbc345afe5de74ec03a6ce2c8f02a7d6bff4225801 ackdEvent=2
[32minfo[39m Ethereum (chainId=4): 	StateRootUpdated root=0xcf843a945aa69630f9f2821c7981a3da2d85f0a7ce3d453e679909ceb85a4487
[32minfo[39m Ethereum (chainId=4): 	Proving event 0xbdbd70794aa3e6020f02efb1bb892aa190ff00631647733c06ad7eb09b5bb611 for bridging
[31merror[39m Ethereum (chainId=4): 	0xbdbd70794aa3e6020f02efb1bb892aa190ff00631647733c06ad7eb09b5bb611 bridging failed, queueing for retry
[31merror[39m Ethereum (chainId=4): 	VM Exception while processing transaction: revert
[32minfo[39m Ethereum (chainId=4): 	EventEmitted, block=#42 eventHash=0x52fae3f9ed8c22464759f22cbd7f0d6f810d7d5715ca147231b68bb4bbd57421
[32minfo[39m Ethereum (chainId=4): 	computeUpdatedStateRoot: root=0x536ead8cf90b40d7fd76ff8fc1690d06126027bd0f06cb66d24e2f0276003af0 eventRoot=0x3a251b785ca51f43cef1d39e324fda5a4a2fc2f5bae03e8c026761513e1f488e ackdEvent=3
[32minfo[39m Ethereum (chainId=4): 	receiveCrosschainMessage fromChain=42 eventHash=0x1a1660291bef5b28495ff76d1e874677b5170d6280a62e4c407200e0e53dca72
[32minfo[39m Ethereum (chainId=4): 	computeUpdatedStateRoot: root=0xd6e245be87d39cae5d4af4903ab4f6ea341b77c67b1378b99654d8c7a2310b98 eventRoot=0x3a251b785ca51f43cef1d39e324fda5a4a2fc2f5bae03e8c026761513e1f488e ackdEvent=3
[32minfo[39m Ethereum (chainId=4): 	receiveCrosschainMessage fromChain=42 eventHash=0xb0d36948f944126e7ba7c77e2a56b16a00fd5663975c0044fd2377a9957c3abc
[32minfo[39m Ethereum (chainId=4): 	computeUpdatedStateRoot: root=0x275f2f73cf9a6c9db5be054b9b1912dbf4489ea102f7772a9e22fcf6454b3536 eventRoot=0x3a251b785ca51f43cef1d39e324fda5a4a2fc2f5bae03e8c026761513e1f488e ackdEvent=3
[32minfo[39m Ethereum (chainId=4): 	receiveCrosschainMessage fromChain=42 eventHash=0x6c55ef3767b10a8c5baedc8d5f00c05dd89a01210ba2c16b898f6f254ec349a3
[32minfo[39m Ethereum (chainId=4): 	computeUpdatedStateRoot: root=0x7c1559aad06a5cdc13074bd9644272bf4fe2de8c006a141030f5e3085507adc5 eventRoot=0x3a251b785ca51f43cef1d39e324fda5a4a2fc2f5bae03e8c026761513e1f488e ackdEvent=3
[32minfo[39m Ethereum (chainId=4): 	receiveCrosschainMessage fromChain=42 eventHash=0xf005998faf6f43fb6c1f53980431aecd4cd7f94ed574943ffd06041668dc0b38
[32minfo[39m Ethereum (chainId=4): 	computeUpdatedStateRoot: root=0x4b8c337201c838f80f892659610053dff5667f69f97266c27ea20555a6a19348 eventRoot=0x3a251b785ca51f43cef1d39e324fda5a4a2fc2f5bae03e8c026761513e1f488e ackdEvent=3
[32minfo[39m Ethereum (chainId=4): 	receiveCrosschainMessage fromChain=42 eventHash=0x1d395e70e663a977802ed3dbe28b586302964f8f1d7a9f14afe19547cb520298
[32minfo[39m Ethereum (chainId=4): 	computeUpdatedStateRoot: root=0x2f31acb23373e510b14f21b5cdde30da4fd11e0165289ceb8b95d14a19116895 eventRoot=0x3a251b785ca51f43cef1d39e324fda5a4a2fc2f5bae03e8c026761513e1f488e ackdEvent=3
